#
# There is insufficient memory for the Java Runtime Environment to continue.
# Native memory allocation (malloc) failed to allocate 687376 bytes. Error detail: Chunk::new
# Possible reasons:
#   The system is out of physical RAM or swap space
#   This process is running with CompressedOops enabled, and the Java Heap may be blocking the growth of the native heap
# Possible solutions:
#   Reduce memory load on the system
#   Increase physical memory or swap space
#   Check if swap backing store is full
#   Decrease Java heap size (-Xmx/-Xms)
#   Decrease number of Java threads
#   Decrease Java thread stack sizes (-Xss)
#   Set larger code cache with -XX:ReservedCodeCacheSize=
#   JVM is running with Unscaled Compressed Oops mode in which the Java heap is
#     placed in the first 4GB address space. The Java Heap base address is the
#     maximum limit for the native heap growth. Please use -XX:HeapBaseMinAddress
#     to set the Java Heap base and to place the Java Heap above 4GB virtual address.
# This output file may be truncated or incomplete.
#
#  Out of Memory Error (arena.cpp:191), pid=19184, tid=3296
#
# JRE version: OpenJDK Runtime Environment Microsoft-10376486 (17.0.13+11) (build 17.0.13+11-LTS)
# Java VM: OpenJDK 64-Bit Server VM Microsoft-10376486 (17.0.13+11-LTS, mixed mode, sharing, tiered, compressed oops, compressed class ptrs, g1 gc, windows-amd64)
# No core dump will be written. Minidumps are not enabled by default on client versions of Windows
#

---------------  S U M M A R Y ------------

Command Line: -XX:MaxMetaspaceSize=512m --add-opens=java.base/java.util=ALL-UNNAMED --add-opens=java.base/java.lang=ALL-UNNAMED --add-opens=java.base/java.lang.invoke=ALL-UNNAMED --add-opens=java.prefs/java.util.prefs=ALL-UNNAMED --add-exports=jdk.compiler/com.sun.tools.javac.api=ALL-UNNAMED --add-exports=jdk.compiler/com.sun.tools.javac.util=ALL-UNNAMED --add-opens=java.base/java.nio.charset=ALL-UNNAMED --add-opens=java.base/java.net=ALL-UNNAMED --add-opens=java.base/java.util.concurrent.atomic=ALL-UNNAMED -Xmx2048m -Dfile.encoding=windows-1252 -Duser.country=IN -Duser.language=en -Duser.variant -javaagent:C:\Users\saran\.gradle\wrapper\dists\gradle-8.10.2-all\7iv73wktx1xtkvlq19urqw1wm\gradle-8.10.2\lib\agents\gradle-instrumentation-agent-8.10.2.jar org.gradle.launcher.daemon.bootstrap.GradleDaemon 8.10.2

Host: 12th Gen Intel(R) Core(TM) i5-1240P, 16 cores, 15G,  Windows 11 , 64 bit Build 26100 (10.0.26100.2454)
Time: Sat Jan  4 20:43:33 2025 India Standard Time elapsed time: 15.012582 seconds (0d 0h 0m 15s)

---------------  T H R E A D  ---------------

Current thread (0x000001c4f7033f40):  JavaThread "C2 CompilerThread0" daemon [_thread_in_native, id=3296, stack(0x0000002533600000,0x0000002533700000)]


Current CompileTask:
C2:  15013 5281       4       org.objectweb.asm.SymbolTable::addConstantMemberReference (147 bytes)

Stack: [0x0000002533600000,0x0000002533700000]
Native frames: (J=compiled Java code, j=interpreted, Vv=VM code, C=native code)
V  [jvm.dll+0x687fc9]
V  [jvm.dll+0x83eeb8]
V  [jvm.dll+0x840963]
V  [jvm.dll+0x840fd3]
V  [jvm.dll+0x24951f]
V  [jvm.dll+0xad0c4]
V  [jvm.dll+0xad75c]
V  [jvm.dll+0x36aaaf]
V  [jvm.dll+0x335153]
V  [jvm.dll+0x3345ea]
V  [jvm.dll+0x21a748]
V  [jvm.dll+0x219b7f]
V  [jvm.dll+0x1a5506]
V  [jvm.dll+0x22a1ca]
V  [jvm.dll+0x22830b]
V  [jvm.dll+0x7f4708]
V  [jvm.dll+0x7eea6c]
V  [jvm.dll+0x686ea7]
C  [ucrtbase.dll+0x14ea0]
C  [KERNEL32.DLL+0x2e8d7]
C  [ntdll.dll+0xdfbcc]


---------------  P R O C E S S  ---------------

Threads class SMR info:
_java_thread_list=0x000001c49bd98b20, length=43, elements={
0x000001c4d8082f30, 0x000001c4f7016130, 0x000001c4f7016c00, 0x000001c4f702f8c0,
0x000001c4f70321a0, 0x000001c4f7032a70, 0x000001c4f7033340, 0x000001c4f7033f40,
0x000001c4f7038020, 0x000001c4f703a940, 0x000001c4f7196ad0, 0x000001c4f70c1000,
0x000001c4f73127e0, 0x000001c4fcf985f0, 0x000001c4fd77f040, 0x000001c4fd5d1060,
0x000001c4fd8ecc90, 0x000001c4fd9037d0, 0x000001c4fd5ec390, 0x000001c4fd5eaa40,
0x000001c4fd5eaf50, 0x000001c4fd5ec8a0, 0x000001c4fd5eb460, 0x000001c4fd5ecdb0,
0x000001c4fd5eb970, 0x000001c4fd5ee1f0, 0x000001c4fd5ed2c0, 0x000001c4fd5ed7d0,
0x000001c4fd5ebe80, 0x000001c4fd5edce0, 0x000001c4fc88f050, 0x000001c4fc88e630,
0x000001c4fc8913c0, 0x000001c4fc890490, 0x000001c4fc88eb40, 0x000001c4fc88fa70,
0x000001c4fc8918d0, 0x000001c4fc88f560, 0x000001c4fc893c40, 0x000001c4fc893730,
0x000001c4fc895590, 0x000001c4fc892d10, 0x000001c49b27c870
}

Java Threads: ( => current thread )
  0x000001c4d8082f30 JavaThread "main" [_thread_blocked, id=21924, stack(0x0000002532900000,0x0000002532a00000)]
  0x000001c4f7016130 JavaThread "Reference Handler" daemon [_thread_blocked, id=1860, stack(0x0000002533000000,0x0000002533100000)]
  0x000001c4f7016c00 JavaThread "Finalizer" daemon [_thread_blocked, id=14088, stack(0x0000002533100000,0x0000002533200000)]
  0x000001c4f702f8c0 JavaThread "Signal Dispatcher" daemon [_thread_blocked, id=9128, stack(0x0000002533200000,0x0000002533300000)]
  0x000001c4f70321a0 JavaThread "Attach Listener" daemon [_thread_blocked, id=21172, stack(0x0000002533300000,0x0000002533400000)]
  0x000001c4f7032a70 JavaThread "Service Thread" daemon [_thread_blocked, id=6480, stack(0x0000002533400000,0x0000002533500000)]
  0x000001c4f7033340 JavaThread "Monitor Deflation Thread" daemon [_thread_blocked, id=20584, stack(0x0000002533500000,0x0000002533600000)]
=>0x000001c4f7033f40 JavaThread "C2 CompilerThread0" daemon [_thread_in_native, id=3296, stack(0x0000002533600000,0x0000002533700000)]
  0x000001c4f7038020 JavaThread "C1 CompilerThread0" daemon [_thread_blocked, id=17220, stack(0x0000002533700000,0x0000002533800000)]
  0x000001c4f703a940 JavaThread "Sweeper thread" daemon [_thread_blocked, id=19120, stack(0x0000002533800000,0x0000002533900000)]
  0x000001c4f7196ad0 JavaThread "Common-Cleaner" daemon [_thread_blocked, id=22468, stack(0x0000002533900000,0x0000002533a00000)]
  0x000001c4f70c1000 JavaThread "C1 CompilerThread1" daemon [_thread_blocked, id=21300, stack(0x0000002533a00000,0x0000002533b00000)]
  0x000001c4f73127e0 JavaThread "Notification Thread" daemon [_thread_blocked, id=9768, stack(0x0000002533e00000,0x0000002533f00000)]
  0x000001c4fcf985f0 JavaThread "Daemon health stats" [_thread_blocked, id=7112, stack(0x0000002534100000,0x0000002534200000)]
  0x000001c4fd77f040 JavaThread "Incoming local TCP Connector on port 52608" [_thread_in_native, id=10528, stack(0x0000002534700000,0x0000002534800000)]
  0x000001c4fd5d1060 JavaThread "Daemon periodic checks" [_thread_blocked, id=8224, stack(0x0000002534800000,0x0000002534900000)]
  0x000001c4fd8ecc90 JavaThread "Daemon" [_thread_blocked, id=13188, stack(0x0000002534900000,0x0000002534a00000)]
  0x000001c4fd9037d0 JavaThread "Handler for socket connection from /127.0.0.1:52608 to /127.0.0.1:52609" [_thread_in_native, id=14232, stack(0x0000002534a00000,0x0000002534b00000)]
  0x000001c4fd5ec390 JavaThread "Cancel handler" [_thread_blocked, id=20172, stack(0x0000002535200000,0x0000002535300000)]
  0x000001c4fd5eaa40 JavaThread "Daemon worker" [_thread_in_vm, id=19332, stack(0x0000002535300000,0x0000002535400000)]
  0x000001c4fd5eaf50 JavaThread "Asynchronous log dispatcher for DefaultDaemonConnection: socket connection from /127.0.0.1:52608 to /127.0.0.1:52609" [_thread_blocked, id=18232, stack(0x0000002535400000,0x0000002535500000)]
  0x000001c4fd5ec8a0 JavaThread "Stdin handler" [_thread_blocked, id=1220, stack(0x0000002535500000,0x0000002535600000)]
  0x000001c4fd5eb460 JavaThread "Daemon client event forwarder" [_thread_blocked, id=20192, stack(0x0000002534000000,0x0000002534100000)]
  0x000001c4fd5ecdb0 JavaThread "Cache worker for journal cache (C:\Users\saran\.gradle\caches\journal-1)" [_thread_blocked, id=21940, stack(0x0000002535600000,0x0000002535700000)]
  0x000001c4fd5eb970 JavaThread "File lock request listener" [_thread_in_native, id=10472, stack(0x0000002535700000,0x0000002535800000)]
  0x000001c4fd5ee1f0 JavaThread "Cache worker for file hash cache (C:\Users\saran\.gradle\caches\8.10.2\fileHashes)" [_thread_blocked, id=3328, stack(0x0000002535800000,0x0000002535900000)]
  0x000001c4fd5ed2c0 JavaThread "Cache worker for file hash cache (C:\Users\saran\Desktop\blinkit\android\.gradle\8.10.2\fileHashes)" [_thread_blocked, id=4084, stack(0x0000002535b00000,0x0000002535c00000)]
  0x000001c4fd5ed7d0 JavaThread "Cache worker for Build Output Cleanup Cache (C:\Users\saran\Desktop\blinkit\android\.gradle\buildOutputCleanup)" [_thread_blocked, id=7860, stack(0x0000002535c00000,0x0000002535d00000)]
  0x000001c4fd5ebe80 JavaThread "File watcher server" daemon [_thread_in_native, id=16876, stack(0x0000002535d00000,0x0000002535e00000)]
  0x000001c4fd5edce0 JavaThread "File watcher consumer" daemon [_thread_blocked, id=10012, stack(0x0000002535e00000,0x0000002535f00000)]
  0x000001c4fc88f050 JavaThread "Cache worker for checksums cache (C:\Users\saran\Desktop\blinkit\android\.gradle\8.10.2\checksums)" [_thread_blocked, id=16432, stack(0x0000002535f00000,0x0000002536000000)]
  0x000001c4fc88e630 JavaThread "Cache worker for file content cache (C:\Users\saran\.gradle\caches\8.10.2\fileContent)" [_thread_blocked, id=19804, stack(0x0000002536000000,0x0000002536100000)]
  0x000001c4fc8913c0 JavaThread "Cache worker for cache directory md-rule (C:\Users\saran\.gradle\caches\8.10.2\md-rule)" [_thread_blocked, id=19680, stack(0x0000002536100000,0x0000002536200000)]
  0x000001c4fc890490 JavaThread "Cache worker for cache directory md-supplier (C:\Users\saran\.gradle\caches\8.10.2\md-supplier)" [_thread_blocked, id=5932, stack(0x0000002536200000,0x0000002536300000)]
  0x000001c4fc88eb40 JavaThread "jar transforms" [_thread_blocked, id=21772, stack(0x0000002536400000,0x0000002536500000)]
  0x000001c4fc88fa70 JavaThread "Cache worker for Build Output Cleanup Cache (C:\Users\saran\Desktop\blinkit\node_modules\@react-native\gradle-plugin\.gradle\buildOutputCleanup)" [_thread_blocked, id=7880, stack(0x0000002536500000,0x0000002536600000)]
  0x000001c4fc8918d0 JavaThread "Unconstrained build operations" [_thread_blocked, id=13120, stack(0x0000002533c00000,0x0000002533d00000)]
  0x000001c4fc88f560 JavaThread "Unconstrained build operations Thread 2" [_thread_blocked, id=20448, stack(0x0000002533d00000,0x0000002533e00000)]
  0x000001c4fc893c40 JavaThread "Unconstrained build operations Thread 3" [_thread_blocked, id=18196, stack(0x0000002536300000,0x0000002536400000)]
  0x000001c4fc893730 JavaThread "Unconstrained build operations Thread 4" [_thread_blocked, id=11876, stack(0x0000002536600000,0x0000002536700000)]
  0x000001c4fc895590 JavaThread "Unconstrained build operations Thread 5" [_thread_blocked, id=16844, stack(0x0000002536700000,0x0000002536800000)]
  0x000001c4fc892d10 JavaThread "Unconstrained build operations Thread 6" [_thread_blocked, id=15044, stack(0x0000002536800000,0x0000002536900000)]
  0x000001c49b27c870 JavaThread "C2 CompilerThread1" daemon [_thread_in_native, id=16508, stack(0x0000002533b00000,0x0000002533c00000)]

Other Threads:
  0x000001c4f7011010 VMThread "VM Thread" [stack: 0x0000002532f00000,0x0000002533000000] [id=11256]
  0x000001c4d8083cc0 WatcherThread [stack: 0x0000002533f00000,0x0000002534000000] [id=13212]
  0x000001c4d80df8f0 GCTaskThread "GC Thread#0" [stack: 0x0000002532a00000,0x0000002532b00000] [id=13828]
  0x000001c4f76c7640 GCTaskThread "GC Thread#1" [stack: 0x0000002534200000,0x0000002534300000] [id=12408]
  0x000001c4f787db80 GCTaskThread "GC Thread#2" [stack: 0x0000002534300000,0x0000002534400000] [id=14416]
  0x000001c4f787de40 GCTaskThread "GC Thread#3" [stack: 0x0000002534400000,0x0000002534500000] [id=21036]
  0x000001c4f787e100 GCTaskThread "GC Thread#4" [stack: 0x0000002534500000,0x0000002534600000] [id=14924]
  0x000001c4f78ca6b0 GCTaskThread "GC Thread#5" [stack: 0x0000002534600000,0x0000002534700000] [id=17320]
  0x000001c4fd90a160 GCTaskThread "GC Thread#6" [stack: 0x0000002534b00000,0x0000002534c00000] [id=16932]
  0x000001c4fd9371d0 GCTaskThread "GC Thread#7" [stack: 0x0000002534c00000,0x0000002534d00000] [id=320]
  0x000001c4fd744c80 GCTaskThread "GC Thread#8" [stack: 0x0000002534d00000,0x0000002534e00000] [id=22504]
  0x000001c4fd9365c0 GCTaskThread "GC Thread#9" [stack: 0x0000002534e00000,0x0000002534f00000] [id=7136]
  0x000001c4fd94d3f0 GCTaskThread "GC Thread#10" [stack: 0x0000002534f00000,0x0000002535000000] [id=22096]
  0x000001c4fd954280 GCTaskThread "GC Thread#11" [stack: 0x0000002535000000,0x0000002535100000] [id=14208]
  0x000001c4fd955300 GCTaskThread "GC Thread#12" [stack: 0x0000002535100000,0x0000002535200000] [id=10356]
  0x000001c4d80f2430 ConcurrentGCThread "G1 Main Marker" [stack: 0x0000002532b00000,0x0000002532c00000] [id=18464]
  0x000001c4d80f3500 ConcurrentGCThread "G1 Conc#0" [stack: 0x0000002532c00000,0x0000002532d00000] [id=19404]
  0x000001c4fd953780 ConcurrentGCThread "G1 Conc#1" [stack: 0x0000002535900000,0x0000002535a00000] [id=10128]
  0x000001c4fd954d80 ConcurrentGCThread "G1 Conc#2" [stack: 0x0000002535a00000,0x0000002535b00000] [id=19300]
  0x000001c4f6efa340 ConcurrentGCThread "G1 Refine#0" [stack: 0x0000002532d00000,0x0000002532e00000] [id=9884]
  0x000001c4f6efca40 ConcurrentGCThread "G1 Service" [stack: 0x0000002532e00000,0x0000002532f00000] [id=18332]

Threads with active compile tasks:
C2 CompilerThread0    16042 5281       4       org.objectweb.asm.SymbolTable::addConstantMemberReference (147 bytes)
C1 CompilerThread1    16042 5296   !   3       java.util.concurrent.ConcurrentHashMap::computeIfAbsent (576 bytes)
C2 CompilerThread1    16042 5294       4       jdk.internal.org.objectweb.asm.MethodWriter::visitLabel (328 bytes)

VM state: not at safepoint (normal execution)

VM Mutex/Monitor currently owned by a thread: None

Heap address: 0x0000000080000000, size: 2048 MB, Compressed Oops mode: 32-bit

CDS archive(s) mapped at: [0x000001c480000000-0x000001c480bb0000-0x000001c480bb0000), size 12255232, SharedBaseAddress: 0x000001c480000000, ArchiveRelocationMode: 1.
Compressed class space mapped at: 0x000001c481000000-0x000001c49b000000, reserved size: 436207616
Narrow klass base: 0x000001c480000000, Narrow klass shift: 0, Narrow klass range: 0x100000000

GC Precious Log:
 CPUs: 16 total, 16 available
 Memory: 16088M
 Large Page Support: Disabled
 NUMA Support: Disabled
 Compressed Oops: Enabled (32-bit)
 Heap Region Size: 1M
 Heap Min Capacity: 8M
 Heap Initial Capacity: 252M
 Heap Max Capacity: 2G
 Pre-touch: Disabled
 Parallel Workers: 13
 Concurrent Workers: 3
 Concurrent Refinement Workers: 13
 Periodic GC: Disabled

Heap:
 garbage-first heap   total 92160K, used 67868K [0x0000000080000000, 0x0000000100000000)
  region size 1024K, 34 young (34816K), 3 survivors (3072K)
 Metaspace       used 42985K, committed 43456K, reserved 491520K
  class space    used 6113K, committed 6336K, reserved 425984K

Heap Regions: E=young(eden), S=young(survivor), O=old, HS=humongous(starts), HC=humongous(continues), CS=collection set, F=free, OA=open archive, CA=closed archive, TAMS=top-at-mark-start (previous, next)
|   0|0x0000000080000000, 0x0000000080100000, 0x0000000080100000|100%| O|  |TAMS 0x0000000080100000, 0x0000000080000000| Untracked 
|   1|0x0000000080100000, 0x0000000080200000, 0x0000000080200000|100%| O|  |TAMS 0x0000000080200000, 0x0000000080100000| Untracked 
|   2|0x0000000080200000, 0x0000000080300000, 0x0000000080300000|100%|HS|  |TAMS 0x0000000080300000, 0x0000000080200000| Complete 
|   3|0x0000000080300000, 0x0000000080400000, 0x0000000080400000|100%|HC|  |TAMS 0x0000000080400000, 0x0000000080300000| Complete 
|   4|0x0000000080400000, 0x0000000080500000, 0x0000000080500000|100%|HC|  |TAMS 0x0000000080500000, 0x0000000080400000| Complete 
|   5|0x0000000080500000, 0x0000000080600000, 0x0000000080600000|100%|HC|  |TAMS 0x0000000080600000, 0x0000000080500000| Complete 
|   6|0x0000000080600000, 0x0000000080700000, 0x0000000080700000|100%| O|  |TAMS 0x0000000080700000, 0x0000000080600000| Untracked 
|   7|0x0000000080700000, 0x0000000080800000, 0x0000000080800000|100%| O|  |TAMS 0x0000000080800000, 0x0000000080700000| Untracked 
|   8|0x0000000080800000, 0x0000000080900000, 0x0000000080900000|100%| O|  |TAMS 0x0000000080900000, 0x0000000080800000| Untracked 
|   9|0x0000000080900000, 0x0000000080a00000, 0x0000000080a00000|100%|HS|  |TAMS 0x0000000080a00000, 0x0000000080900000| Complete 
|  10|0x0000000080a00000, 0x0000000080b00000, 0x0000000080b00000|100%| O|  |TAMS 0x0000000080b00000, 0x0000000080a00000| Untracked 
|  11|0x0000000080b00000, 0x0000000080c00000, 0x0000000080c00000|100%| O|  |TAMS 0x0000000080c00000, 0x0000000080b00000| Untracked 
|  12|0x0000000080c00000, 0x0000000080d00000, 0x0000000080d00000|100%| O|  |TAMS 0x0000000080d00000, 0x0000000080c00000| Untracked 
|  13|0x0000000080d00000, 0x0000000080d32800, 0x0000000080e00000| 19%| O|  |TAMS 0x0000000080d32800, 0x0000000080d00000| Untracked 
|  14|0x0000000080e00000, 0x0000000080f00000, 0x0000000080f00000|100%| O|  |TAMS 0x0000000080f00000, 0x0000000080e00000| Untracked 
|  15|0x0000000080f00000, 0x0000000081000000, 0x0000000081000000|100%| O|  |TAMS 0x0000000081000000, 0x0000000080f00000| Untracked 
|  16|0x0000000081000000, 0x0000000081100000, 0x0000000081100000|100%| O|  |TAMS 0x0000000081100000, 0x0000000081000000| Untracked 
|  17|0x0000000081100000, 0x0000000081200000, 0x0000000081200000|100%| O|  |TAMS 0x0000000081200000, 0x0000000081100000| Untracked 
|  18|0x0000000081200000, 0x0000000081300000, 0x0000000081300000|100%| O|  |TAMS 0x0000000081300000, 0x0000000081200000| Untracked 
|  19|0x0000000081300000, 0x0000000081400000, 0x0000000081400000|100%| O|  |TAMS 0x0000000081400000, 0x0000000081300000| Untracked 
|  20|0x0000000081400000, 0x0000000081500000, 0x0000000081500000|100%| O|  |TAMS 0x0000000081500000, 0x0000000081400000| Untracked 
|  21|0x0000000081500000, 0x0000000081600000, 0x0000000081600000|100%| O|  |TAMS 0x0000000081600000, 0x0000000081500000| Untracked 
|  22|0x0000000081600000, 0x0000000081700000, 0x0000000081700000|100%| O|  |TAMS 0x0000000081700000, 0x0000000081600000| Untracked 
|  23|0x0000000081700000, 0x0000000081800000, 0x0000000081800000|100%| O|  |TAMS 0x0000000081800000, 0x0000000081700000| Untracked 
|  24|0x0000000081800000, 0x0000000081900000, 0x0000000081900000|100%| O|  |TAMS 0x0000000081900000, 0x0000000081800000| Untracked 
|  25|0x0000000081900000, 0x0000000081a00000, 0x0000000081a00000|100%| O|  |TAMS 0x00000000819d8600, 0x0000000081900000| Untracked 
|  26|0x0000000081a00000, 0x0000000081b00000, 0x0000000081b00000|100%| O|  |TAMS 0x0000000081a00000, 0x0000000081a00000| Untracked 
|  27|0x0000000081b00000, 0x0000000081c00000, 0x0000000081c00000|100%| O|  |TAMS 0x0000000081b00000, 0x0000000081b00000| Untracked 
|  28|0x0000000081c00000, 0x0000000081d00000, 0x0000000081d00000|100%| O|  |TAMS 0x0000000081c00000, 0x0000000081c00000| Untracked 
|  29|0x0000000081d00000, 0x0000000081d5c600, 0x0000000081e00000| 36%| O|  |TAMS 0x0000000081d00000, 0x0000000081d00000| Untracked 
|  30|0x0000000081e00000, 0x0000000081e00000, 0x0000000081f00000|  0%| F|  |TAMS 0x0000000081e00000, 0x0000000081e00000| Untracked 
|  31|0x0000000081f00000, 0x0000000082000000, 0x0000000082000000|100%| O|  |TAMS 0x0000000081f00000, 0x0000000081f00000| Untracked 
|  32|0x0000000082000000, 0x0000000082100000, 0x0000000082100000|100%| O|  |TAMS 0x0000000082000000, 0x0000000082000000| Untracked 
|  33|0x0000000082100000, 0x0000000082200000, 0x0000000082200000|100%| O|  |TAMS 0x0000000082100000, 0x0000000082100000| Untracked 
|  34|0x0000000082200000, 0x0000000082300000, 0x0000000082300000|100%| O|  |TAMS 0x0000000082200000, 0x0000000082200000| Untracked 
|  35|0x0000000082300000, 0x0000000082400000, 0x0000000082400000|100%| O|  |TAMS 0x0000000082300000, 0x0000000082300000| Untracked 
|  36|0x0000000082400000, 0x0000000082400000, 0x0000000082500000|  0%| F|  |TAMS 0x0000000082400000, 0x0000000082400000| Untracked 
|  37|0x0000000082500000, 0x0000000082500000, 0x0000000082600000|  0%| F|  |TAMS 0x0000000082500000, 0x0000000082500000| Untracked 
|  38|0x0000000082600000, 0x0000000082600000, 0x0000000082700000|  0%| F|  |TAMS 0x0000000082600000, 0x0000000082600000| Untracked 
|  39|0x0000000082700000, 0x0000000082700000, 0x0000000082800000|  0%| F|  |TAMS 0x0000000082700000, 0x0000000082700000| Untracked 
|  40|0x0000000082800000, 0x0000000082800000, 0x0000000082900000|  0%| F|  |TAMS 0x0000000082800000, 0x0000000082800000| Untracked 
|  41|0x0000000082900000, 0x0000000082900000, 0x0000000082a00000|  0%| F|  |TAMS 0x0000000082900000, 0x0000000082900000| Untracked 
|  42|0x0000000082a00000, 0x0000000082a00000, 0x0000000082b00000|  0%| F|  |TAMS 0x0000000082a00000, 0x0000000082a00000| Untracked 
|  43|0x0000000082b00000, 0x0000000082b00000, 0x0000000082c00000|  0%| F|  |TAMS 0x0000000082b00000, 0x0000000082b00000| Untracked 
|  44|0x0000000082c00000, 0x0000000082c00000, 0x0000000082d00000|  0%| F|  |TAMS 0x0000000082c00000, 0x0000000082c00000| Untracked 
|  45|0x0000000082d00000, 0x0000000082d00000, 0x0000000082e00000|  0%| F|  |TAMS 0x0000000082d00000, 0x0000000082d00000| Untracked 
|  46|0x0000000082e00000, 0x0000000082e00000, 0x0000000082f00000|  0%| F|  |TAMS 0x0000000082e00000, 0x0000000082e00000| Untracked 
|  47|0x0000000082f00000, 0x0000000082f00000, 0x0000000083000000|  0%| F|  |TAMS 0x0000000082f00000, 0x0000000082f00000| Untracked 
|  48|0x0000000083000000, 0x0000000083000000, 0x0000000083100000|  0%| F|  |TAMS 0x0000000083000000, 0x0000000083000000| Untracked 
|  49|0x0000000083100000, 0x0000000083100000, 0x0000000083200000|  0%| F|  |TAMS 0x0000000083100000, 0x0000000083100000| Untracked 
|  50|0x0000000083200000, 0x0000000083200000, 0x0000000083300000|  0%| F|  |TAMS 0x0000000083200000, 0x0000000083200000| Untracked 
|  51|0x0000000083300000, 0x0000000083300000, 0x0000000083400000|  0%| F|  |TAMS 0x0000000083300000, 0x0000000083300000| Untracked 
|  52|0x0000000083400000, 0x0000000083400000, 0x0000000083500000|  0%| F|  |TAMS 0x0000000083400000, 0x0000000083400000| Untracked 
|  53|0x0000000083500000, 0x00000000835b8258, 0x0000000083600000| 71%| S|CS|TAMS 0x0000000083500000, 0x0000000083500000| Complete 
|  54|0x0000000083600000, 0x0000000083700000, 0x0000000083700000|100%| S|CS|TAMS 0x0000000083600000, 0x0000000083600000| Complete 
|  55|0x0000000083700000, 0x0000000083800000, 0x0000000083800000|100%| S|CS|TAMS 0x0000000083700000, 0x0000000083700000| Complete 
|  56|0x0000000083800000, 0x0000000083800000, 0x0000000083900000|  0%| F|  |TAMS 0x0000000083800000, 0x0000000083800000| Untracked 
|  57|0x0000000083900000, 0x0000000083900000, 0x0000000083a00000|  0%| F|  |TAMS 0x0000000083900000, 0x0000000083900000| Untracked 
|  58|0x0000000083a00000, 0x0000000083a00000, 0x0000000083b00000|  0%| F|  |TAMS 0x0000000083a00000, 0x0000000083a00000| Untracked 
|  59|0x0000000083b00000, 0x0000000083b8b7f0, 0x0000000083c00000| 54%| E|  |TAMS 0x0000000083b00000, 0x0000000083b00000| Complete 
|  60|0x0000000083c00000, 0x0000000083d00000, 0x0000000083d00000|100%| E|CS|TAMS 0x0000000083c00000, 0x0000000083c00000| Complete 
|  61|0x0000000083d00000, 0x0000000083e00000, 0x0000000083e00000|100%| E|CS|TAMS 0x0000000083d00000, 0x0000000083d00000| Complete 
|  62|0x0000000083e00000, 0x0000000083f00000, 0x0000000083f00000|100%| E|CS|TAMS 0x0000000083e00000, 0x0000000083e00000| Complete 
|  63|0x0000000083f00000, 0x0000000084000000, 0x0000000084000000|100%| E|CS|TAMS 0x0000000083f00000, 0x0000000083f00000| Complete 
|  64|0x0000000084000000, 0x0000000084100000, 0x0000000084100000|100%| E|CS|TAMS 0x0000000084000000, 0x0000000084000000| Complete 
|  65|0x0000000084100000, 0x0000000084200000, 0x0000000084200000|100%| E|CS|TAMS 0x0000000084100000, 0x0000000084100000| Complete 
|  66|0x0000000084200000, 0x0000000084300000, 0x0000000084300000|100%| E|CS|TAMS 0x0000000084200000, 0x0000000084200000| Complete 
|  67|0x0000000084300000, 0x0000000084400000, 0x0000000084400000|100%| E|CS|TAMS 0x0000000084300000, 0x0000000084300000| Complete 
|  68|0x0000000084400000, 0x0000000084500000, 0x0000000084500000|100%| E|CS|TAMS 0x0000000084400000, 0x0000000084400000| Complete 
|  69|0x0000000084500000, 0x0000000084600000, 0x0000000084600000|100%| E|CS|TAMS 0x0000000084500000, 0x0000000084500000| Complete 
|  70|0x0000000084600000, 0x0000000084700000, 0x0000000084700000|100%| E|CS|TAMS 0x0000000084600000, 0x0000000084600000| Complete 
|  71|0x0000000084700000, 0x0000000084800000, 0x0000000084800000|100%| E|CS|TAMS 0x0000000084700000, 0x0000000084700000| Complete 
|  72|0x0000000084800000, 0x0000000084900000, 0x0000000084900000|100%| E|CS|TAMS 0x0000000084800000, 0x0000000084800000| Complete 
|  73|0x0000000084900000, 0x0000000084a00000, 0x0000000084a00000|100%| E|CS|TAMS 0x0000000084900000, 0x0000000084900000| Complete 
|  74|0x0000000084a00000, 0x0000000084b00000, 0x0000000084b00000|100%| E|CS|TAMS 0x0000000084a00000, 0x0000000084a00000| Complete 
|  75|0x0000000084b00000, 0x0000000084c00000, 0x0000000084c00000|100%| E|CS|TAMS 0x0000000084b00000, 0x0000000084b00000| Complete 
|  76|0x0000000084c00000, 0x0000000084d00000, 0x0000000084d00000|100%| E|CS|TAMS 0x0000000084c00000, 0x0000000084c00000| Complete 
| 148|0x0000000089400000, 0x0000000089500000, 0x0000000089500000|100%| E|CS|TAMS 0x0000000089400000, 0x0000000089400000| Complete 
| 149|0x0000000089500000, 0x0000000089600000, 0x0000000089600000|100%| E|CS|TAMS 0x0000000089500000, 0x0000000089500000| Complete 
| 150|0x0000000089600000, 0x0000000089700000, 0x0000000089700000|100%| E|CS|TAMS 0x0000000089600000, 0x0000000089600000| Complete 
| 151|0x0000000089700000, 0x0000000089800000, 0x0000000089800000|100%| E|CS|TAMS 0x0000000089700000, 0x0000000089700000| Complete 
| 152|0x0000000089800000, 0x0000000089900000, 0x0000000089900000|100%| E|CS|TAMS 0x0000000089800000, 0x0000000089800000| Complete 
| 153|0x0000000089900000, 0x0000000089a00000, 0x0000000089a00000|100%| E|CS|TAMS 0x0000000089900000, 0x0000000089900000| Complete 
| 154|0x0000000089a00000, 0x0000000089b00000, 0x0000000089b00000|100%| E|CS|TAMS 0x0000000089a00000, 0x0000000089a00000| Complete 
| 155|0x0000000089b00000, 0x0000000089c00000, 0x0000000089c00000|100%| E|CS|TAMS 0x0000000089b00000, 0x0000000089b00000| Complete 
| 156|0x0000000089c00000, 0x0000000089d00000, 0x0000000089d00000|100%| E|CS|TAMS 0x0000000089c00000, 0x0000000089c00000| Complete 
| 157|0x0000000089d00000, 0x0000000089e00000, 0x0000000089e00000|100%| E|CS|TAMS 0x0000000089d00000, 0x0000000089d00000| Complete 
| 158|0x0000000089e00000, 0x0000000089f00000, 0x0000000089f00000|100%| E|CS|TAMS 0x0000000089e00000, 0x0000000089e00000| Complete 
| 159|0x0000000089f00000, 0x000000008a000000, 0x000000008a000000|100%| E|CS|TAMS 0x0000000089f00000, 0x0000000089f00000| Complete 
| 251|0x000000008fb00000, 0x000000008fc00000, 0x000000008fc00000|100%| E|CS|TAMS 0x000000008fb00000, 0x000000008fb00000| Complete 

Card table byte_map: [0x000001c4ef850000,0x000001c4efc50000] _byte_map_base: 0x000001c4ef450000

Marking Bits (Prev, Next): (CMBitMap*) 0x000001c4d80dfe20, (CMBitMap*) 0x000001c4d80dfe60
 Prev Bits: [0x000001c4f0050000, 0x000001c4f2050000)
 Next Bits: [0x000001c4f2050000, 0x000001c4f4050000)

Polling page: 0x000001c4d5c10000

Metaspace:

Usage:
  Non-class:     36.02 MB used.
      Class:      5.97 MB used.
       Both:     41.99 MB used.

Virtual space:
  Non-class space:       64.00 MB reserved,      36.25 MB ( 57%) committed,  1 nodes.
      Class space:      416.00 MB reserved,       6.19 MB (  1%) committed,  1 nodes.
             Both:      480.00 MB reserved,      42.44 MB (  9%) committed. 

Chunk freelists:
   Non-Class:  11.56 MB
       Class:  9.63 MB
        Both:  21.19 MB

MaxMetaspaceSize: 512.00 MB
CompressedClassSpaceSize: 416.00 MB
Initial GC threshold: 21.00 MB
Current GC threshold: 58.75 MB
CDS: on
MetaspaceReclaimPolicy: balanced
 - commit_granule_bytes: 65536.
 - commit_granule_words: 8192.
 - virtual_space_node_default_size: 8388608.
 - enlarge_chunks_in_place: 1.
 - new_chunks_are_fully_committed: 0.
 - uncommit_free_chunks: 1.
 - use_allocation_guard: 0.
 - handle_deallocations: 1.


Internal statistics:

num_allocs_failed_limit: 6.
num_arena_births: 628.
num_arena_deaths: 0.
num_vsnodes_births: 2.
num_vsnodes_deaths: 0.
num_space_committed: 679.
num_space_uncommitted: 0.
num_chunks_returned_to_freelist: 6.
num_chunks_taken_from_freelist: 2337.
num_chunk_merges: 6.
num_chunk_splits: 1533.
num_chunks_enlarged: 1058.
num_inconsistent_stats: 0.

CodeHeap 'non-profiled nmethods': size=119168Kb used=2432Kb max_used=3058Kb free=116736Kb
 bounds [0x000001c4e7750000, 0x000001c4e7a50000, 0x000001c4eebb0000]
CodeHeap 'profiled nmethods': size=119104Kb used=8851Kb max_used=10104Kb free=110252Kb
 bounds [0x000001c4dfbb0000, 0x000001c4e0590000, 0x000001c4e7000000]
CodeHeap 'non-nmethods': size=7488Kb used=2887Kb max_used=4042Kb free=4600Kb
 bounds [0x000001c4e7000000, 0x000001c4e7400000, 0x000001c4e7750000]
 total_blobs=5371 nmethods=4535 adapters=747
 compilation: enabled
              stopped_count=0, restarted_count=0
 full_count=0

Compilation events (20 events):
Event: 12.916 Thread 0x000001c4f70c1000 nmethod 5278 0x000001c4e0365710 code [0x000001c4e03658a0, 0x000001c4e03659f8]
Event: 12.917 Thread 0x000001c4f70c1000 5279       3       org.gradle.model.internal.asm.BytecodeFragment::lambda$static$0 (1 bytes)
Event: 12.917 Thread 0x000001c4f70c1000 nmethod 5279 0x000001c4dfbee890 code [0x000001c4dfbeea20, 0x000001c4dfbeeb18]
Event: 12.917 Thread 0x000001c4f7038020 nmethod 5277 0x000001c4dfd6f190 code [0x000001c4dfd6f560, 0x000001c4dfd71a58]
Event: 12.935 Thread 0x000001c4f70c1000 5280       3       org.gradle.internal.instantiation.generator.AsmBackedClassGenerator$ClassBuilderImpl::access$7000 (4 bytes)
Event: 12.935 Thread 0x000001c4f70c1000 nmethod 5280 0x000001c4dff35a90 code [0x000001c4dff35c20, 0x000001c4dff35d18]
Event: 12.935 Thread 0x000001c4f7033f40 5281       4       org.objectweb.asm.SymbolTable::addConstantMemberReference (147 bytes)
Event: 12.945 Thread 0x000001c4f70c1000 5282       3       org.gradle.internal.instantiation.generator.AsmBackedClassGenerator$ClassBuilderImpl::access$5500 (4 bytes)
Event: 12.945 Thread 0x000001c4f7038020 5283       3       org.gradle.internal.instantiation.generator.AsmBackedClassGenerator$ClassBuilderImpl::access$2900 (4 bytes)
Event: 12.945 Thread 0x000001c4f70c1000 nmethod 5282 0x000001c4dff5f210 code [0x000001c4dff5f3a0, 0x000001c4dff5f498]
Event: 12.945 Thread 0x000001c4f70c1000 5284       3       org.gradle.internal.instantiation.generator.AsmBackedClassGenerator$ClassBuilderImpl$$Lambda$160/0x000001c4811cc4c8::transform (8 bytes)
Event: 12.945 Thread 0x000001c4f7038020 nmethod 5283 0x000001c4e03eab10 code [0x000001c4e03eaca0, 0x000001c4e03ead98]
Event: 12.946 Thread 0x000001c4f70c1000 nmethod 5284 0x000001c4dfce4310 code [0x000001c4dfce44c0, 0x000001c4dfce46e8]
Event: 12.947 Thread 0x000001c49b27c870 5285       4       org.objectweb.asm.ByteVector::putInt (74 bytes)
Event: 12.948 Thread 0x000001c49b27c870 nmethod 5285 0x000001c4e77d1310 code [0x000001c4e77d1480, 0x000001c4e77d15d8]
Event: 12.955 Thread 0x000001c49b27c870 5286       4       java.util.HashSet::add (20 bytes)
Event: 12.973 Thread 0x000001c4f70c1000 5287       1       org.gradle.internal.io.StreamByteBuffer::access$100 (5 bytes)
Event: 12.973 Thread 0x000001c4f70c1000 nmethod 5287 0x000001c4e77d1010 code [0x000001c4e77d11a0, 0x000001c4e77d1258]
Event: 12.977 Thread 0x000001c4f7038020 5288       1       com.google.common.collect.MapMakerInternalMap$AbstractStrongKeyEntry::getNext (2 bytes)
Event: 12.977 Thread 0x000001c4f7038020 nmethod 5288 0x000001c4e77d0b90 code [0x000001c4e77d0d20, 0x000001c4e77d0df8]

GC Heap History (18 events):
Event: 0.651 GC heap before
{Heap before GC invocations=0 (full 0):
 garbage-first heap   total 258048K, used 22528K [0x0000000080000000, 0x0000000100000000)
  region size 1024K, 23 young (23552K), 0 survivors (0K)
 Metaspace       used 1097K, committed 1216K, reserved 491520K
  class space    used 72K, committed 128K, reserved 425984K
}
Event: 0.654 GC heap after
{Heap after GC invocations=1 (full 0):
 garbage-first heap   total 258048K, used 4131K [0x0000000080000000, 0x0000000100000000)
  region size 1024K, 3 young (3072K), 3 survivors (3072K)
 Metaspace       used 1097K, committed 1216K, reserved 491520K
  class space    used 72K, committed 128K, reserved 425984K
}
Event: 1.426 GC heap before
{Heap before GC invocations=1 (full 0):
 garbage-first heap   total 258048K, used 39971K [0x0000000080000000, 0x0000000100000000)
  region size 1024K, 34 young (34816K), 3 survivors (3072K)
 Metaspace       used 4439K, committed 4608K, reserved 491520K
  class space    used 542K, committed 640K, reserved 425984K
}
Event: 1.430 GC heap after
{Heap after GC invocations=2 (full 0):
 garbage-first heap   total 258048K, used 11859K [0x0000000080000000, 0x0000000100000000)
  region size 1024K, 4 young (4096K), 4 survivors (4096K)
 Metaspace       used 4439K, committed 4608K, reserved 491520K
  class space    used 542K, committed 640K, reserved 425984K
}
Event: 2.759 GC heap before
{Heap before GC invocations=2 (full 0):
 garbage-first heap   total 258048K, used 84563K [0x0000000080000000, 0x0000000100000000)
  region size 1024K, 73 young (74752K), 4 survivors (4096K)
 Metaspace       used 10198K, committed 10432K, reserved 491520K
  class space    used 1339K, committed 1472K, reserved 425984K
}
Event: 2.767 GC heap after
{Heap after GC invocations=3 (full 0):
 garbage-first heap   total 258048K, used 20275K [0x0000000080000000, 0x0000000100000000)
  region size 1024K, 10 young (10240K), 10 survivors (10240K)
 Metaspace       used 10198K, committed 10432K, reserved 491520K
  class space    used 1339K, committed 1472K, reserved 425984K
}
Event: 4.961 GC heap before
{Heap before GC invocations=3 (full 0):
 garbage-first heap   total 258048K, used 102195K [0x0000000080000000, 0x0000000100000000)
  region size 1024K, 92 young (94208K), 10 survivors (10240K)
 Metaspace       used 21203K, committed 21504K, reserved 491520K
  class space    used 3056K, committed 3200K, reserved 425984K
}
Event: 4.970 GC heap after
{Heap after GC invocations=4 (full 0):
 garbage-first heap   total 258048K, used 25014K [0x0000000080000000, 0x0000000100000000)
  region size 1024K, 12 young (12288K), 12 survivors (12288K)
 Metaspace       used 21203K, committed 21504K, reserved 491520K
  class space    used 3056K, committed 3200K, reserved 425984K
}
Event: 6.242 GC heap before
{Heap before GC invocations=5 (full 0):
 garbage-first heap   total 92160K, used 68022K [0x0000000080000000, 0x0000000100000000)
  region size 1024K, 54 young (55296K), 12 survivors (12288K)
 Metaspace       used 26048K, committed 26368K, reserved 491520K
  class space    used 3827K, committed 3968K, reserved 425984K
}
Event: 6.250 GC heap after
{Heap after GC invocations=6 (full 0):
 garbage-first heap   total 92160K, used 26845K [0x0000000080000000, 0x0000000100000000)
  region size 1024K, 3 young (3072K), 3 survivors (3072K)
 Metaspace       used 26048K, committed 26368K, reserved 491520K
  class space    used 3827K, committed 3968K, reserved 425984K
}
Event: 6.859 GC heap before
{Heap before GC invocations=6 (full 0):
 garbage-first heap   total 92160K, used 63709K [0x0000000080000000, 0x0000000100000000)
  region size 1024K, 40 young (40960K), 3 survivors (3072K)
 Metaspace       used 31910K, committed 32320K, reserved 491520K
  class space    used 4454K, committed 4608K, reserved 425984K
}
Event: 6.864 GC heap after
{Heap after GC invocations=7 (full 0):
 garbage-first heap   total 92160K, used 30763K [0x0000000080000000, 0x0000000100000000)
  region size 1024K, 5 young (5120K), 5 survivors (5120K)
 Metaspace       used 31910K, committed 32320K, reserved 491520K
  class space    used 4454K, committed 4608K, reserved 425984K
}
Event: 7.751 GC heap before
{Heap before GC invocations=7 (full 0):
 garbage-first heap   total 92160K, used 68651K [0x0000000080000000, 0x0000000100000000)
  region size 1024K, 39 young (39936K), 5 survivors (5120K)
 Metaspace       used 35594K, committed 35968K, reserved 491520K
  class space    used 4918K, committed 5120K, reserved 425984K
}
Event: 7.758 GC heap after
{Heap after GC invocations=8 (full 0):
 garbage-first heap   total 92160K, used 34488K [0x0000000080000000, 0x0000000100000000)
  region size 1024K, 4 young (4096K), 4 survivors (4096K)
 Metaspace       used 35594K, committed 35968K, reserved 491520K
  class space    used 4918K, committed 5120K, reserved 425984K
}
Event: 8.083 GC heap before
{Heap before GC invocations=9 (full 0):
 garbage-first heap   total 92160K, used 69304K [0x0000000080000000, 0x0000000100000000)
  region size 1024K, 38 young (38912K), 4 survivors (4096K)
 Metaspace       used 36820K, committed 37312K, reserved 491520K
  class space    used 5133K, committed 5376K, reserved 425984K
}
Event: 8.086 GC heap after
{Heap after GC invocations=10 (full 0):
 garbage-first heap   total 92160K, used 35340K [0x0000000080000000, 0x0000000100000000)
  region size 1024K, 1 young (1024K), 1 survivors (1024K)
 Metaspace       used 36820K, committed 37312K, reserved 491520K
  class space    used 5133K, committed 5376K, reserved 425984K
}
Event: 10.419 GC heap before
{Heap before GC invocations=10 (full 0):
 garbage-first heap   total 92160K, used 69132K [0x0000000080000000, 0x0000000100000000)
  region size 1024K, 35 young (35840K), 1 survivors (1024K)
 Metaspace       used 40186K, committed 40704K, reserved 491520K
  class space    used 5656K, committed 5888K, reserved 425984K
}
Event: 10.423 GC heap after
{Heap after GC invocations=11 (full 0):
 garbage-first heap   total 92160K, used 37148K [0x0000000080000000, 0x0000000100000000)
  region size 1024K, 3 young (3072K), 3 survivors (3072K)
 Metaspace       used 40186K, committed 40704K, reserved 491520K
  class space    used 5656K, committed 5888K, reserved 425984K
}

Dll operation events (15 events):
Event: 0.026 Loaded shared library C:\Program Files\Microsoft\jdk-17.0.13.11-hotspot\bin\java.dll
Event: 0.054 Loaded shared library C:\Program Files\Microsoft\jdk-17.0.13.11-hotspot\bin\jsvml.dll
Event: 0.125 Loaded shared library C:\Program Files\Microsoft\jdk-17.0.13.11-hotspot\bin\zip.dll
Event: 0.131 Loaded shared library C:\Program Files\Microsoft\jdk-17.0.13.11-hotspot\bin\instrument.dll
Event: 0.139 Loaded shared library C:\Program Files\Microsoft\jdk-17.0.13.11-hotspot\bin\net.dll
Event: 0.143 Loaded shared library C:\Program Files\Microsoft\jdk-17.0.13.11-hotspot\bin\nio.dll
Event: 0.146 Loaded shared library C:\Program Files\Microsoft\jdk-17.0.13.11-hotspot\bin\zip.dll
Event: 0.528 Loaded shared library C:\Program Files\Microsoft\jdk-17.0.13.11-hotspot\bin\jimage.dll
Event: 0.741 Loaded shared library C:\Program Files\Microsoft\jdk-17.0.13.11-hotspot\bin\verify.dll
Event: 0.976 Loaded shared library C:\Users\saran\.gradle\native\c067742578af261105cb4f569cf0c3c89f3d7b1fecec35dd04571415982c5e48\windows-amd64\native-platform.dll
Event: 0.988 Loaded shared library C:\Users\saran\.gradle\native\100fb08df4bc3b14c8652ba06237920a3bd2aa13389f12d3474272988ae205f9\windows-amd64\native-platform-file-events.dll
Event: 2.164 Loaded shared library C:\Program Files\Microsoft\jdk-17.0.13.11-hotspot\bin\management.dll
Event: 2.166 Loaded shared library C:\Program Files\Microsoft\jdk-17.0.13.11-hotspot\bin\management_ext.dll
Event: 2.419 Loaded shared library C:\Program Files\Microsoft\jdk-17.0.13.11-hotspot\bin\extnet.dll
Event: 2.685 Loaded shared library C:\Program Files\Microsoft\jdk-17.0.13.11-hotspot\bin\sunmscapi.dll

Deoptimization events (20 events):
Event: 12.837 Thread 0x000001c4fd5eaa40 DEOPT PACKING pc=0x000001c4e77dcc28 sp=0x00000025353f6400
Event: 12.837 Thread 0x000001c4fd5eaa40 DEOPT UNPACKING pc=0x000001c4e70569a3 sp=0x00000025353f62c8 mode 2
Event: 12.877 Thread 0x000001c4fd5eaa40 Uncommon trap: trap_request=0xffffff76 fr.pc=0x000001c4e7a49c28 relative=0x0000000000000208
Event: 12.877 Thread 0x000001c4fd5eaa40 Uncommon trap: reason=predicate action=maybe_recompile pc=0x000001c4e7a49c28 method=sun.instrument.TransformerManager.transform(Ljava/lang/Module;Ljava/lang/ClassLoader;Ljava/lang/String;Ljava/lang/Class;Ljava/security/ProtectionDomain;[B)[B @ 21 c2
Event: 12.877 Thread 0x000001c4fd5eaa40 DEOPT PACKING pc=0x000001c4e7a49c28 sp=0x00000025353f5670
Event: 12.877 Thread 0x000001c4fd5eaa40 DEOPT UNPACKING pc=0x000001c4e70569a3 sp=0x00000025353f5580 mode 2
Event: 12.877 Thread 0x000001c4fd5eaa40 Uncommon trap: trap_request=0xffffff45 fr.pc=0x000001c4e7a49450 relative=0x00000000000000b0
Event: 12.877 Thread 0x000001c4fd5eaa40 Uncommon trap: reason=unstable_if action=reinterpret pc=0x000001c4e7a49450 method=org.gradle.internal.instrumentation.agent.DefaultClassFileTransformer.transform(Ljava/lang/ClassLoader;Ljava/lang/String;Ljava/lang/Class;Ljava/security/ProtectionDomain;[B)
Event: 12.877 Thread 0x000001c4fd5eaa40 DEOPT PACKING pc=0x000001c4e7a49450 sp=0x00000025353f5530
Event: 12.877 Thread 0x000001c4fd5eaa40 DEOPT UNPACKING pc=0x000001c4e70569a3 sp=0x00000025353f5448 mode 2
Event: 12.901 Thread 0x000001c4fd5eaa40 Uncommon trap: trap_request=0xffffff76 fr.pc=0x000001c4e7a4a448 relative=0x00000000000001a8
Event: 12.901 Thread 0x000001c4fd5eaa40 Uncommon trap: reason=predicate action=maybe_recompile pc=0x000001c4e7a4a448 method=sun.instrument.TransformerManager.transform(Ljava/lang/Module;Ljava/lang/ClassLoader;Ljava/lang/String;Ljava/lang/Class;Ljava/security/ProtectionDomain;[B)[B @ 21 c2
Event: 12.901 Thread 0x000001c4fd5eaa40 DEOPT PACKING pc=0x000001c4e7a4a448 sp=0x00000025353f4ea0
Event: 12.901 Thread 0x000001c4fd5eaa40 DEOPT UNPACKING pc=0x000001c4e70569a3 sp=0x00000025353f4e48 mode 2
Event: 12.901 Thread 0x000001c4fd5eaa40 Uncommon trap: trap_request=0xffffff45 fr.pc=0x000001c4e7a497a8 relative=0x00000000000000a8
Event: 12.901 Thread 0x000001c4fd5eaa40 Uncommon trap: reason=unstable_if action=reinterpret pc=0x000001c4e7a497a8 method=org.gradle.internal.instrumentation.agent.DefaultClassFileTransformer.transform(Ljava/lang/ClassLoader;Ljava/lang/String;Ljava/lang/Class;Ljava/security/ProtectionDomain;[B)
Event: 12.901 Thread 0x000001c4fd5eaa40 DEOPT PACKING pc=0x000001c4e7a497a8 sp=0x00000025353f4d80
Event: 12.901 Thread 0x000001c4fd5eaa40 DEOPT UNPACKING pc=0x000001c4e70569a3 sp=0x00000025353f4d20 mode 2
Event: 12.919 Thread 0x000001c4fd5eaa40 DEOPT PACKING pc=0x000001c4e003a09b sp=0x00000025353f5470
Event: 12.919 Thread 0x000001c4fd5eaa40 DEOPT UNPACKING pc=0x000001c4e7057143 sp=0x00000025353f4990 mode 0

Classes loaded (20 events):
Event: 11.407 Loading class jdk/internal/reflect/SerializationConstructorAccessorImpl
Event: 11.407 Loading class jdk/internal/reflect/SerializationConstructorAccessorImpl done
Event: 11.603 Loading class java/nio/channels/Channels
Event: 11.604 Loading class java/nio/channels/Channels done
Event: 11.604 Loading class sun/nio/ch/ChannelInputStream
Event: 11.608 Loading class sun/nio/ch/ChannelInputStream done
Event: 12.724 Loading class java/util/concurrent/LinkedBlockingDeque$Itr
Event: 12.725 Loading class java/util/concurrent/LinkedBlockingDeque$AbstractItr
Event: 12.725 Loading class java/util/concurrent/LinkedBlockingDeque$AbstractItr done
Event: 12.725 Loading class java/util/concurrent/LinkedBlockingDeque$Itr done
Event: 12.789 Loading class java/util/Collections$2
Event: 12.789 Loading class java/util/Collections$2 done
Event: 12.841 Loading class java/util/stream/SortedOps
Event: 12.842 Loading class java/util/stream/SortedOps done
Event: 12.842 Loading class java/util/stream/SortedOps$OfRef
Event: 12.842 Loading class java/util/stream/SortedOps$OfRef done
Event: 12.843 Loading class java/util/stream/SortedOps$SizedRefSortingSink
Event: 12.844 Loading class java/util/stream/SortedOps$AbstractRefSortingSink
Event: 12.844 Loading class java/util/stream/SortedOps$AbstractRefSortingSink done
Event: 12.844 Loading class java/util/stream/SortedOps$SizedRefSortingSink done

Classes unloaded (0 events):
No events

Classes redefined (0 events):
No events

Internal exceptions (20 events):
Event: 8.387 Thread 0x000001c4fd5eaa40 Exception <a 'java/lang/NoSuchMethodError'{0x0000000084c26338}: 'java.lang.Object java.lang.invoke.DirectMethodHandle$Holder.newInvokeSpecial(java.lang.Object, long)'> (0x0000000084c26338) 
thrown [s\src\hotspot\share\interpreter\linkResolver.cpp, line 759]
Event: 8.395 Thread 0x000001c4fd5eaa40 Exception <a 'java/lang/NoSuchMethodError'{0x0000000084c8b000}: 'java.lang.Object java.lang.invoke.DirectMethodHandle$Holder.newInvokeSpecial(java.lang.Object, java.lang.Object, java.lang.Object, java.lang.Object, java.lang.Object, long)'> (0x0000000084c8b000) 
thrown [s\src\hotspot\share\interpreter\linkResolver.cpp, line 759]
Event: 8.395 Thread 0x000001c4fd5eaa40 Exception <a 'java/lang/NoSuchMethodError'{0x0000000084c90908}: 'java.lang.Object java.lang.invoke.DirectMethodHandle$Holder.invokeSpecial(java.lang.Object, java.lang.Object, java.lang.Object, java.lang.Object, java.lang.Object, java.lang.Object, long)'> (0x0000000084c90908) 
thrown [s\src\hotspot\share\interpreter\linkResolver.cpp, line 759]
Event: 8.403 Thread 0x000001c4fd5eaa40 Exception <a 'java/lang/NoSuchMethodError'{0x0000000084cdef08}: 'java.lang.Object java.lang.invoke.DirectMethodHandle$Holder.newInvokeSpecial(java.lang.Object, java.lang.Object, java.lang.Object, long)'> (0x0000000084cdef08) 
thrown [s\src\hotspot\share\interpreter\linkResolver.cpp, line 759]
Event: 8.403 Thread 0x000001c4fd5eaa40 Exception <a 'java/lang/NoSuchMethodError'{0x0000000084ce4498}: 'java.lang.Object java.lang.invoke.DirectMethodHandle$Holder.invokeSpecial(java.lang.Object, java.lang.Object, java.lang.Object, java.lang.Object, long)'> (0x0000000084ce4498) 
thrown [s\src\hotspot\share\interpreter\linkResolver.cpp, line 759]
Event: 8.404 Thread 0x000001c4fd5eaa40 Exception <a 'java/lang/NoSuchMethodError'{0x0000000084ce9110}: 'java.lang.Object java.lang.invoke.Invokers$Holder.linkToTargetMethod(java.lang.Object, java.lang.Object, long, java.lang.Object)'> (0x0000000084ce9110) 
thrown [s\src\hotspot\share\interpreter\linkResolver.cpp, line 759]
Event: 8.779 Thread 0x000001c4fd5eaa40 Implicit null exception at 0x000001c4e794a46c to 0x000001c4e794a51c
Event: 10.069 Thread 0x000001c4fd5eaa40 Exception <a 'java/lang/NoSuchMethodError'{0x0000000083f7dc78}: 'java.lang.Object java.lang.invoke.DirectMethodHandle$Holder.newInvokeSpecial(java.lang.Object, int, java.lang.Object)'> (0x0000000083f7dc78) 
thrown [s\src\hotspot\share\interpreter\linkResolver.cpp, line 759]
Event: 10.527 Thread 0x000001c4fd5eaa40 Exception <a 'java/lang/NoSuchMethodError'{0x0000000089e47b18}: 'java.lang.Object java.lang.invoke.DirectMethodHandle$Holder.newInvokeSpecial(java.lang.Object, java.lang.Object, java.lang.Object, int)'> (0x0000000089e47b18) 
thrown [s\src\hotspot\share\interpreter\linkResolver.cpp, line 759]
Event: 10.528 Thread 0x000001c4fd5eaa40 Exception <a 'java/lang/NoSuchMethodError'{0x0000000089e4d088}: 'java.lang.Object java.lang.invoke.DirectMethodHandle$Holder.invokeSpecial(java.lang.Object, java.lang.Object, java.lang.Object, java.lang.Object, int)'> (0x0000000089e4d088) 
thrown [s\src\hotspot\share\interpreter\linkResolver.cpp, line 759]
Event: 10.528 Thread 0x000001c4fd5eaa40 Exception <a 'java/lang/NoSuchMethodError'{0x0000000089e51f58}: 'java.lang.Object java.lang.invoke.Invokers$Holder.linkToTargetMethod(java.lang.Object, java.lang.Object, int, java.lang.Object)'> (0x0000000089e51f58) 
thrown [s\src\hotspot\share\interpreter\linkResolver.cpp, line 759]
Event: 10.664 Thread 0x000001c4fd5eaa40 Exception <a 'java/lang/NoSuchMethodError'{0x0000000089b4a610}: 'int java.lang.invoke.DirectMethodHandle$Holder.invokeSpecialIFC(java.lang.Object, java.lang.Object, java.lang.Object)'> (0x0000000089b4a610) 
thrown [s\src\hotspot\share\interpreter\linkResolver.cpp, line 759]
Event: 10.907 Thread 0x000001c4fd5eaa40 Exception <a 'java/lang/NoSuchMethodError'{0x00000000897e53d0}: 'java.lang.Object java.lang.invoke.DirectMethodHandle$Holder.invokeSpecial(java.lang.Object, java.lang.Object, java.lang.Object, java.lang.Object, java.lang.Object, long)'> (0x00000000897e53d0) 
thrown [s\src\hotspot\share\interpreter\linkResolver.cpp, line 759]
Event: 10.919 Thread 0x000001c4fd5eaa40 Exception <a 'java/lang/NoSuchMethodError'{0x0000000089613898}: 'void java.lang.invoke.DirectMethodHandle$Holder.invokeStatic(java.lang.Object, java.lang.Object, java.lang.Object, int, java.lang.Object)'> (0x0000000089613898) 
thrown [s\src\hotspot\share\interpreter\linkResolver.cpp, line 759]
Event: 10.979 Thread 0x000001c4fd5eaa40 Exception <a 'java/lang/NoSuchMethodError'{0x00000000895a8280}: 'int java.lang.invoke.DirectMethodHandle$Holder.invokeInterface(java.lang.Object, java.lang.Object, java.lang.Object, java.lang.Object, java.lang.Object)'> (0x00000000895a8280) 
thrown [s\src\hotspot\share\interpreter\linkResolver.cpp, line 759]
Event: 11.167 Thread 0x000001c4fd5eaa40 Exception <a 'java/lang/NoSuchMethodError'{0x0000000084b0fb48}: 'java.lang.Object java.lang.invoke.DirectMethodHandle$Holder.invokeSpecial(java.lang.Object, java.lang.Object, long, java.lang.Object, java.lang.Object)'> (0x0000000084b0fb48) 
thrown [s\src\hotspot\share\interpreter\linkResolver.cpp, line 759]
Event: 11.284 Thread 0x000001c4fd5eaa40 Exception <a 'java/lang/IncompatibleClassChangeError'{0x00000000849256e0}: Found class java.lang.Object, but interface was expected> (0x00000000849256e0) 
thrown [s\src\hotspot\share\interpreter\linkResolver.cpp, line 826]
Event: 11.429 Thread 0x000001c4fd5eaa40 Exception <a 'java/lang/NoSuchMethodError'{0x00000000847a37f0}: 'java.lang.Object java.lang.invoke.DirectMethodHandle$Holder.newInvokeSpecial(java.lang.Object, java.lang.Object, java.lang.Object, java.lang.Object, int, java.lang.Object)'> (0x00000000847a37f0) 
thrown [s\src\hotspot\share\interpreter\linkResolver.cpp, line 759]
Event: 11.430 Thread 0x000001c4fd5eaa40 Exception <a 'java/lang/NoSuchMethodError'{0x00000000847acf90}: 'java.lang.Object java.lang.invoke.Invokers$Holder.linkToTargetMethod(java.lang.Object, java.lang.Object, java.lang.Object, int, java.lang.Object, java.lang.Object)'> (0x00000000847acf90) 
thrown [s\src\hotspot\share\interpreter\linkResolver.cpp, line 759]
Event: 11.695 Thread 0x000001c4fd5eaa40 Exception <a 'java/lang/NoSuchMethodError'{0x000000008420d9e8}: 'java.lang.Object java.lang.invoke.DirectMethodHandle$Holder.invokeSpecialIFC(java.lang.Object, java.lang.Object, java.lang.Object)'> (0x000000008420d9e8) 
thrown [s\src\hotspot\share\interpreter\linkResolver.cpp, line 759]

VM Operations (20 events):
Event: 8.280 Executing VM operation: HandshakeAllThreads done
Event: 8.334 Executing VM operation: HandshakeAllThreads
Event: 8.334 Executing VM operation: HandshakeAllThreads done
Event: 8.340 Executing VM operation: HandshakeAllThreads
Event: 8.341 Executing VM operation: HandshakeAllThreads done
Event: 9.354 Executing VM operation: Cleanup
Event: 9.354 Executing VM operation: Cleanup done
Event: 9.643 Executing VM operation: HandshakeAllThreads
Event: 9.643 Executing VM operation: HandshakeAllThreads done
Event: 9.653 Executing VM operation: HandshakeAllThreads
Event: 9.653 Executing VM operation: HandshakeAllThreads done
Event: 9.845 Executing VM operation: HandshakeAllThreads
Event: 9.845 Executing VM operation: HandshakeAllThreads done
Event: 10.419 Executing VM operation: G1CollectForAllocation
Event: 10.423 Executing VM operation: G1CollectForAllocation done
Event: 11.356 Executing VM operation: HandshakeAllThreads
Event: 11.356 Executing VM operation: HandshakeAllThreads done
Event: 12.363 Executing VM operation: Cleanup
Event: 12.724 Executing VM operation: Cleanup done
Event: 13.729 Executing VM operation: Cleanup

Memory protections (0 events):
No events

Nmethod flushes (20 events):
Event: 9.854 Thread 0x000001c4f703a940 flushing  nmethod 0x000001c4e03c6210
Event: 9.854 Thread 0x000001c4f703a940 flushing  nmethod 0x000001c4e03c6d90
Event: 9.854 Thread 0x000001c4f703a940 flushing  nmethod 0x000001c4e03c7190
Event: 9.854 Thread 0x000001c4f703a940 flushing  nmethod 0x000001c4e03c8090
Event: 9.854 Thread 0x000001c4f703a940 flushing  nmethod 0x000001c4e03c8b10
Event: 9.854 Thread 0x000001c4f703a940 flushing  nmethod 0x000001c4e03c9090
Event: 9.854 Thread 0x000001c4f703a940 flushing  nmethod 0x000001c4e03d5610
Event: 9.854 Thread 0x000001c4f703a940 flushing  nmethod 0x000001c4e03eab10
Event: 9.854 Thread 0x000001c4f703a940 flushing  nmethod 0x000001c4e0403410
Event: 9.854 Thread 0x000001c4f703a940 flushing  nmethod 0x000001c4e0417c90
Event: 9.854 Thread 0x000001c4f703a940 flushing  nmethod 0x000001c4e0418310
Event: 9.854 Thread 0x000001c4f703a940 flushing  nmethod 0x000001c4e0419010
Event: 9.854 Thread 0x000001c4f703a940 flushing  nmethod 0x000001c4e0419e10
Event: 9.854 Thread 0x000001c4f703a940 flushing  nmethod 0x000001c4e041a710
Event: 9.854 Thread 0x000001c4f703a940 flushing  nmethod 0x000001c4e041b490
Event: 9.854 Thread 0x000001c4f703a940 flushing  nmethod 0x000001c4e0431c90
Event: 9.854 Thread 0x000001c4f703a940 flushing  nmethod 0x000001c4e045aa90
Event: 9.855 Thread 0x000001c4f703a940 flushing  nmethod 0x000001c4e04e9590
Event: 9.855 Thread 0x000001c4f703a940 flushing  nmethod 0x000001c4e0518410
Event: 9.855 Thread 0x000001c4f703a940 flushing  nmethod 0x000001c4e0551610

Events (20 events):
Event: 6.434 Thread 0x000001c4f71e96b0 Thread added: 0x000001c49b317160
Event: 6.434 Thread 0x000001c4f7038020 Thread added: 0x000001c49b317680
Event: 6.607 Thread 0x000001c49b317680 Thread exited: 0x000001c49b317680
Event: 7.120 Thread 0x000001c4fd5eaa40 Thread added: 0x000001c4fc88eb40
Event: 7.866 Thread 0x000001c4fd5eaa40 Thread added: 0x000001c4fc88fa70
Event: 9.215 Thread 0x000001c49b317160 Thread exited: 0x000001c49b317160
Event: 9.215 Thread 0x000001c4fc9cab50 Thread exited: 0x000001c4fc9cab50
Event: 9.215 Thread 0x000001c4f71e96b0 Thread exited: 0x000001c4f71e96b0
Event: 9.833 Thread 0x000001c4f70c1000 Thread added: 0x000001c4fc9cab50
Event: 10.001 Thread 0x000001c4f7033f40 Thread added: 0x000001c49b316840
Event: 10.791 Thread 0x000001c49b316840 Thread exited: 0x000001c49b316840
Event: 10.792 Thread 0x000001c4fc9cab50 Thread exited: 0x000001c4fc9cab50
Event: 11.303 Thread 0x000001c4fd5eaa40 Thread added: 0x000001c4fc8918d0
Event: 11.304 Thread 0x000001c4fd5eaa40 Thread added: 0x000001c4fc88f560
Event: 11.545 Thread 0x000001c4fd5eaa40 Thread added: 0x000001c4fc893c40
Event: 11.549 Thread 0x000001c4fd5eaa40 Thread added: 0x000001c4fc893730
Event: 11.697 Thread 0x000001c4fd5eaa40 Thread added: 0x000001c4fc895590
Event: 11.698 Thread 0x000001c4fd5eaa40 Thread added: 0x000001c4fc892d10
Event: 12.729 Thread 0x000001c4f71e7180 Thread exited: 0x000001c4f71e7180
Event: 12.845 Thread 0x000001c4f7038020 Thread added: 0x000001c49b27c870


Dynamic libraries:
0x00007ff65df50000 - 0x00007ff65df5e000 	C:\Program Files\Microsoft\jdk-17.0.13.11-hotspot\bin\java.exe
0x00007fffb7b20000 - 0x00007fffb7d83000 	C:\WINDOWS\SYSTEM32\ntdll.dll
0x00007fffb7720000 - 0x00007fffb77e8000 	C:\WINDOWS\System32\KERNEL32.DLL
0x00007fffb51c0000 - 0x00007fffb5572000 	C:\WINDOWS\System32\KERNELBASE.dll
0x00007fffb4ef0000 - 0x00007fffb503b000 	C:\WINDOWS\System32\ucrtbase.dll
0x00007fffa9ba0000 - 0x00007fffa9bb7000 	C:\Program Files\Microsoft\jdk-17.0.13.11-hotspot\bin\jli.dll
0x00007fffb5df0000 - 0x00007fffb5fb8000 	C:\WINDOWS\System32\USER32.dll
0x00007fffb5950000 - 0x00007fffb5977000 	C:\WINDOWS\System32\win32u.dll
0x00007fffb68e0000 - 0x00007fffb690a000 	C:\WINDOWS\System32\GDI32.dll
0x00007fffb5820000 - 0x00007fffb594b000 	C:\WINDOWS\System32\gdi32full.dll
0x00007fffb56e0000 - 0x00007fffb5783000 	C:\WINDOWS\System32\msvcp_win.dll
0x00007fff9c7e0000 - 0x00007fff9c7fd000 	C:\Program Files\Microsoft\jdk-17.0.13.11-hotspot\bin\VCRUNTIME140.dll
0x00007fff93740000 - 0x00007fff939d0000 	C:\WINDOWS\WinSxS\amd64_microsoft.windows.common-controls_6595b64144ccf1df_6.0.26100.2454_none_3e0b68a2e331ad60\COMCTL32.dll
0x00007fffb7670000 - 0x00007fffb7719000 	C:\WINDOWS\System32\msvcrt.dll
0x00007fffb7630000 - 0x00007fffb765f000 	C:\WINDOWS\System32\IMM32.DLL
0x00007fff9c7d0000 - 0x00007fff9c7dc000 	C:\Program Files\Microsoft\jdk-17.0.13.11-hotspot\bin\vcruntime140_1.dll
0x00007fff89ac0000 - 0x00007fff89b4d000 	C:\Program Files\Microsoft\jdk-17.0.13.11-hotspot\bin\msvcp140.dll
0x00007fff1c0d0000 - 0x00007fff1cd41000 	C:\Program Files\Microsoft\jdk-17.0.13.11-hotspot\bin\server\jvm.dll
0x00007fffb5fd0000 - 0x00007fffb6084000 	C:\WINDOWS\System32\ADVAPI32.dll
0x00007fffb7580000 - 0x00007fffb7626000 	C:\WINDOWS\System32\sechost.dll
0x00007fffb77f0000 - 0x00007fffb7906000 	C:\WINDOWS\System32\RPCRT4.dll
0x00007fffb6df0000 - 0x00007fffb6e64000 	C:\WINDOWS\System32\WS2_32.dll
0x00007fffafed0000 - 0x00007fffafedb000 	C:\WINDOWS\SYSTEM32\VERSION.dll
0x00007fffa0270000 - 0x00007fffa02a6000 	C:\WINDOWS\SYSTEM32\WINMM.dll
0x00007fffb3ba0000 - 0x00007fffb3bee000 	C:\WINDOWS\SYSTEM32\POWRPROF.dll
0x00007fffb3b80000 - 0x00007fffb3b94000 	C:\WINDOWS\SYSTEM32\UMPDC.dll
0x00007fffb3e40000 - 0x00007fffb3e5a000 	C:\WINDOWS\SYSTEM32\kernel.appcore.dll
0x00007fff8a460000 - 0x00007fff8a46a000 	C:\Program Files\Microsoft\jdk-17.0.13.11-hotspot\bin\jimage.dll
0x00007fffb2680000 - 0x00007fffb28c1000 	C:\WINDOWS\SYSTEM32\DBGHELP.DLL
0x00007fffb69a0000 - 0x00007fffb6d1e000 	C:\WINDOWS\System32\combase.dll
0x00007fffb5a30000 - 0x00007fffb5b06000 	C:\WINDOWS\System32\OLEAUT32.dll
0x00007fff98610000 - 0x00007fff98649000 	C:\WINDOWS\SYSTEM32\dbgcore.DLL
0x00007fffb5580000 - 0x00007fffb5619000 	C:\WINDOWS\System32\bcryptPrimitives.dll
0x00007fff897e0000 - 0x00007fff897ee000 	C:\Program Files\Microsoft\jdk-17.0.13.11-hotspot\bin\instrument.dll
0x00007fff89a90000 - 0x00007fff89ab5000 	C:\Program Files\Microsoft\jdk-17.0.13.11-hotspot\bin\java.dll
0x00007fff89820000 - 0x00007fff898f7000 	C:\Program Files\Microsoft\jdk-17.0.13.11-hotspot\bin\jsvml.dll
0x00007fffb6e70000 - 0x00007fffb7570000 	C:\WINDOWS\System32\SHELL32.dll
0x00007fffb2c00000 - 0x00007fffb3431000 	C:\WINDOWS\SYSTEM32\windows.storage.dll
0x00007fffb5d00000 - 0x00007fffb5dda000 	C:\WINDOWS\System32\SHCORE.dll
0x00007fffb6d90000 - 0x00007fffb6ded000 	C:\WINDOWS\System32\shlwapi.dll
0x00007fffb4e00000 - 0x00007fffb4e2e000 	C:\WINDOWS\SYSTEM32\profapi.dll
0x00007fff89a50000 - 0x00007fff89a68000 	C:\Program Files\Microsoft\jdk-17.0.13.11-hotspot\bin\zip.dll
0x00007fff8a440000 - 0x00007fff8a45a000 	C:\Program Files\Microsoft\jdk-17.0.13.11-hotspot\bin\net.dll
0x00007fffb0c60000 - 0x00007fffb0d86000 	C:\WINDOWS\SYSTEM32\WINHTTP.dll
0x00007fffb4340000 - 0x00007fffb43a8000 	C:\WINDOWS\system32\mswsock.dll
0x00007fff89a70000 - 0x00007fff89a86000 	C:\Program Files\Microsoft\jdk-17.0.13.11-hotspot\bin\nio.dll
0x00007fff89a40000 - 0x00007fff89a50000 	C:\Program Files\Microsoft\jdk-17.0.13.11-hotspot\bin\verify.dll
0x00007fff89a10000 - 0x00007fff89a37000 	C:\Users\saran\.gradle\native\c067742578af261105cb4f569cf0c3c89f3d7b1fecec35dd04571415982c5e48\windows-amd64\native-platform.dll
0x00007fff26d90000 - 0x00007fff26ed4000 	C:\Users\saran\.gradle\native\100fb08df4bc3b14c8652ba06237920a3bd2aa13389f12d3474272988ae205f9\windows-amd64\native-platform-file-events.dll
0x00007fff89810000 - 0x00007fff8981a000 	C:\Program Files\Microsoft\jdk-17.0.13.11-hotspot\bin\management.dll
0x00007fff89800000 - 0x00007fff8980b000 	C:\Program Files\Microsoft\jdk-17.0.13.11-hotspot\bin\management_ext.dll
0x00007fffb6d30000 - 0x00007fffb6d38000 	C:\WINDOWS\System32\PSAPI.DLL
0x00007fffb45e0000 - 0x00007fffb45fc000 	C:\WINDOWS\SYSTEM32\CRYPTSP.dll
0x00007fffb3da0000 - 0x00007fffb3dd8000 	C:\WINDOWS\system32\rsaenh.dll
0x00007fffb43e0000 - 0x00007fffb440b000 	C:\WINDOWS\SYSTEM32\USERENV.dll
0x00007fffb4820000 - 0x00007fffb4846000 	C:\WINDOWS\SYSTEM32\bcrypt.dll
0x00007fffb4600000 - 0x00007fffb460c000 	C:\WINDOWS\SYSTEM32\CRYPTBASE.dll
0x00007fffb3890000 - 0x00007fffb38c2000 	C:\WINDOWS\SYSTEM32\IPHLPAPI.DLL
0x00007fffb5fc0000 - 0x00007fffb5fca000 	C:\WINDOWS\System32\NSI.dll
0x00007fffb14d0000 - 0x00007fffb14ee000 	C:\WINDOWS\SYSTEM32\dhcpcsvc6.DLL
0x00007fffb14a0000 - 0x00007fffb14c5000 	C:\WINDOWS\SYSTEM32\dhcpcsvc.DLL
0x00007fffb38d0000 - 0x00007fffb39f5000 	C:\WINDOWS\SYSTEM32\DNSAPI.dll
0x00007fff897f0000 - 0x00007fff897f9000 	C:\Program Files\Microsoft\jdk-17.0.13.11-hotspot\bin\extnet.dll
0x00007fff897c0000 - 0x00007fff897ce000 	C:\Program Files\Microsoft\jdk-17.0.13.11-hotspot\bin\sunmscapi.dll
0x00007fffb5040000 - 0x00007fffb51b6000 	C:\WINDOWS\System32\CRYPT32.dll
0x00007fffb47e0000 - 0x00007fffb4810000 	C:\WINDOWS\SYSTEM32\ncrypt.dll
0x00007fffb4790000 - 0x00007fffb47cf000 	C:\WINDOWS\SYSTEM32\NTASN1.dll
0x00007fff871c0000 - 0x00007fff871c8000 	C:\WINDOWS\system32\wshunix.dll

dbghelp: loaded successfully - version: 4.0.5 - missing functions: none
symbol engine: initialized successfully - sym options: 0x614 - pdb path: .;C:\Program Files\Microsoft\jdk-17.0.13.11-hotspot\bin;C:\WINDOWS\SYSTEM32;C:\WINDOWS\WinSxS\amd64_microsoft.windows.common-controls_6595b64144ccf1df_6.0.26100.2454_none_3e0b68a2e331ad60;C:\Program Files\Microsoft\jdk-17.0.13.11-hotspot\bin\server;C:\Users\saran\.gradle\native\c067742578af261105cb4f569cf0c3c89f3d7b1fecec35dd04571415982c5e48\windows-amd64;C:\Users\saran\.gradle\native\100fb08df4bc3b14c8652ba06237920a3bd2aa13389f12d3474272988ae205f9\windows-amd64

VM Arguments:
jvm_args: -XX:MaxMetaspaceSize=512m --add-opens=java.base/java.util=ALL-UNNAMED --add-opens=java.base/java.lang=ALL-UNNAMED --add-opens=java.base/java.lang.invoke=ALL-UNNAMED --add-opens=java.prefs/java.util.prefs=ALL-UNNAMED --add-exports=jdk.compiler/com.sun.tools.javac.api=ALL-UNNAMED --add-exports=jdk.compiler/com.sun.tools.javac.util=ALL-UNNAMED --add-opens=java.base/java.nio.charset=ALL-UNNAMED --add-opens=java.base/java.net=ALL-UNNAMED --add-opens=java.base/java.util.concurrent.atomic=ALL-UNNAMED -Xmx2048m -Dfile.encoding=windows-1252 -Duser.country=IN -Duser.language=en -Duser.variant -javaagent:C:\Users\saran\.gradle\wrapper\dists\gradle-8.10.2-all\7iv73wktx1xtkvlq19urqw1wm\gradle-8.10.2\lib\agents\gradle-instrumentation-agent-8.10.2.jar 
java_command: org.gradle.launcher.daemon.bootstrap.GradleDaemon 8.10.2
java_class_path (initial): C:\Users\saran\.gradle\wrapper\dists\gradle-8.10.2-all\7iv73wktx1xtkvlq19urqw1wm\gradle-8.10.2\lib\gradle-daemon-main-8.10.2.jar
Launcher Type: SUN_STANDARD

[Global flags]
     intx CICompilerCount                          = 12                                        {product} {ergonomic}
   size_t CompressedClassSpaceSize                 = 436207616                                 {product} {ergonomic}
     uint ConcGCThreads                            = 3                                         {product} {ergonomic}
     uint G1ConcRefinementThreads                  = 13                                        {product} {ergonomic}
   size_t G1HeapRegionSize                         = 1048576                                   {product} {ergonomic}
    uintx GCDrainStackTargetSize                   = 64                                        {product} {ergonomic}
   size_t InitialHeapSize                          = 264241152                                 {product} {ergonomic}
   size_t MarkStackSize                            = 4194304                                   {product} {ergonomic}
   size_t MaxHeapSize                              = 2147483648                                {product} {command line}
   size_t MaxMetaspaceSize                         = 536870912                                 {product} {command line}
   size_t MaxNewSize                               = 1287651328                                {product} {ergonomic}
   size_t MinHeapDeltaBytes                        = 1048576                                   {product} {ergonomic}
   size_t MinHeapSize                              = 8388608                                   {product} {ergonomic}
    uintx NonNMethodCodeHeapSize                   = 7602480                                {pd product} {ergonomic}
    uintx NonProfiledCodeHeapSize                  = 122027880                              {pd product} {ergonomic}
    uintx ProfiledCodeHeapSize                     = 122027880                              {pd product} {ergonomic}
    uintx ReservedCodeCacheSize                    = 251658240                              {pd product} {ergonomic}
     bool SegmentedCodeCache                       = true                                      {product} {ergonomic}
   size_t SoftMaxHeapSize                          = 2147483648                             {manageable} {ergonomic}
     bool UseCompressedClassPointers               = true                           {product lp64_product} {ergonomic}
     bool UseCompressedOops                        = true                           {product lp64_product} {ergonomic}
     bool UseG1GC                                  = true                                      {product} {ergonomic}
     bool UseLargePagesIndividualAllocation        = false                                  {pd product} {ergonomic}

Logging:
Log output configuration:
 #0: stdout all=warning uptime,level,tags
 #1: stderr all=off uptime,level,tags

Environment Variables:
CLASSPATH=C:\Users\saran\Desktop\blinkit\android\\gradle\wrapper\gradle-wrapper.jar
PATH=C:\Users\saran\Desktop\blinkit\node_modules\.bin;C:\Users\saran\Desktop\node_modules\.bin;C:\Users\saran\node_modules\.bin;C:\Users\node_modules\.bin;C:\node_modules\.bin;C:\Users\saran\AppData\Roaming\nvm\v20.18.1\node_modules\npm\node_modules\@npmcli\run-script\lib\node-gyp-bin;C:\Python313\Scripts\;C:\Python313\;C:\Program Files\Microsoft\jdk-17.0.13.11-hotspot\bin;C:\Program Files\Common Files\Oracle\Java\javapath;C:\Windows\system32;C:\Windows;C:\Windows\System32\Wbem;C:\Windows\System32\WindowsPowerShell\v1.0\;C:\Windows\System32\OpenSSH\;C:\Program Files (x86)\NVIDIA Corporation\PhysX\Common;C:\Program Files\NVIDIA Corporation\NVIDIA NvDLISR;C:\WINDOWS\system32;C:\WINDOWS;C:\WINDOWS\System32\Wbem;C:\WINDOWS\System32\WindowsPowerShell\v1.0\;C:\WINDOWS\System32\OpenSSH\;C:\ProgramData\chocolatey\bin;C:\Users\saran\AppData\Local\Android\Sdk\platform-tools;C:\Program Files\Git\cmd;C:\Users\saran\AppData\Local\Android\Sdk;C:\Users\saran\AppData\Local\Android\Sdk\emulator;C:\Program Files\Docker\Docker\resources\bin;C:\Users\saran\AppData\Local\Android\Sdk\platform-tools;C:\Program Files\Java\jdk-21\bin;C:\php;C:\tools\php84;C:\Program Files\Go\bin;C:\Users\saran\.cargo\bin\rustc.exe;C:\Users\saran\AppData\Local\Android\Sdk\platforms;C:\Users\saran\AppData\Local\Android\Sdk\tools;C:\Users\saran\AppData\Local\Android\Sdk\ndk;C:\Users\saran\AppData\Roaming\nvm;C:\Program Files\nodejs;C:\Users\saran\.m2\repository\org\aspectj\aspectjweaver\1.8.9\apache-maven-3.9.9-bin\apache-maven-3.9.9\bin;C:\Users\saran\.cargo\bin;C:\Users\saran\AppData\Local\Android\Sdk\tools;C:\Users\saran\AppData\Local\Programs\Python\Python311\;C:\Program Files\MySQL\MySQL Shell 8.0\bin\;C:\Users\saran\AppData\Local\Programs\Python\Python313\;C:\Users\saran\.console-ninja\.bin;C:\Users\saran\AppData\Local\Microsoft\WindowsApps;C:\Users\saran\AppData\Local\Microsoft\WindowsApps;C:\Program Files\JetBrains\IntelliJ IDEA 2024.2.4\bin;;C:\Program Files\JetBrains\IntelliJ IDEA Community Edition 2024
USERNAME=saran
LANG=en_US.UTF-8
OS=Windows_NT
PROCESSOR_IDENTIFIER=Intel64 Family 6 Model 154 Stepping 3, GenuineIntel
TMP=C:\Users\saran\AppData\Local\Temp
TEMP=C:\Users\saran\AppData\Local\Temp



Periodic native trim disabled


---------------  S Y S T E M  ---------------

OS:
 Windows 11 , 64 bit Build 26100 (10.0.26100.2454)
OS uptime: 0 days 1:54 hours
Hyper-V role detected

CPU: total 16 (initial active 16) (8 cores per cpu, 2 threads per core) family 6 model 154 stepping 3 microcode 0x419, cx8, cmov, fxsr, ht, mmx, 3dnowpref, sse, sse2, sse3, ssse3, sse4.1, sse4.2, popcnt, lzcnt, tsc, tscinvbit, avx, avx2, aes, erms, clmul, bmi1, bmi2, adx, sha, fma, vzeroupper, clflush, clflushopt, clwb, hv
Processor Information for processor 0
  Max Mhz: 1700, Current Mhz: 1700, Mhz Limit: 1700
Processor Information for processor 1
  Max Mhz: 1700, Current Mhz: 1700, Mhz Limit: 1700
Processor Information for processor 2
  Max Mhz: 1700, Current Mhz: 1700, Mhz Limit: 1700
Processor Information for processor 3
  Max Mhz: 1700, Current Mhz: 1700, Mhz Limit: 1700
Processor Information for processor 4
  Max Mhz: 1700, Current Mhz: 1700, Mhz Limit: 1700
Processor Information for processor 5
  Max Mhz: 1700, Current Mhz: 1700, Mhz Limit: 1700
Processor Information for processor 6
  Max Mhz: 1700, Current Mhz: 1700, Mhz Limit: 1700
Processor Information for processor 7
  Max Mhz: 1700, Current Mhz: 1700, Mhz Limit: 1700
Processor Information for processor 8
  Max Mhz: 1700, Current Mhz: 1200, Mhz Limit: 1190
Processor Information for processor 9
  Max Mhz: 1700, Current Mhz: 1200, Mhz Limit: 1190
Processor Information for processor 10
  Max Mhz: 1700, Current Mhz: 1200, Mhz Limit: 1190
Processor Information for processor 11
  Max Mhz: 1700, Current Mhz: 1200, Mhz Limit: 1190
Processor Information for processor 12
  Max Mhz: 1700, Current Mhz: 1200, Mhz Limit: 1190
Processor Information for processor 13
  Max Mhz: 1700, Current Mhz: 1200, Mhz Limit: 1190
Processor Information for processor 14
  Max Mhz: 1700, Current Mhz: 1200, Mhz Limit: 1190
Processor Information for processor 15
  Max Mhz: 1700, Current Mhz: 1200, Mhz Limit: 1190

Memory: 4k page, system-wide physical 16088M (1507M free)
TotalPageFile size 25787M (AvailPageFile size 269M)
current process WorkingSet (physical memory assigned to process): 255M, peak: 273M
current process commit charge ("private bytes"): 307M, peak: 462M

vm_info: OpenJDK 64-Bit Server VM (17.0.13+11-LTS) for windows-amd64 JRE (17.0.13+11-LTS), built on Oct 11 2024 23:25:05 by "MicrosoftCorporation" with unknown MS VC++:1939

END.
